--------------------------------------------------------------------------------
Release 14.7 Trace  (nt64)
Copyright (c) 1995-2013 Xilinx, Inc.  All rights reserved.

D:\Xilinx\Xilinx\14.7\ISE_DS\ISE\bin\nt64\unwrapped\trce.exe -intstyle ise -v 3
-s 10 -n 3 -fastpaths -xml adderN_preroute.twx adderN_map.ncd -o
adderN_preroute.twr adderN.pcf -ucf adderN.ucf

Design file:              adderN_map.ncd
Physical constraint file: adderN.pcf
Device,package,speed:     xc4vsx35,ff668,-10 (PRODUCTION 1.71 2013-10-13, STEPPING level 1)
Report level:             verbose report

Environment Variable      Effect 
--------------------      ------ 
NONE                      No environment variables were set
--------------------------------------------------------------------------------

INFO:Timing:2698 - No timing constraints found, doing default enumeration.
INFO:Timing:3412 - To improve timing, see the Timing Closure User Guide (UG612).
INFO:Timing:2752 - To get complete path coverage, use the unconstrained paths 
   option. All paths that are not constrained will be reported in the 
   unconstrained paths section(s) of the report.
INFO:Timing:3284 - This timing report was generated using estimated delay 
   information.  For accurate numbers, please refer to the post Place and Route 
   timing report.
INFO:Timing:3339 - The clock-to-out numbers in this timing report are based on 
   a 50 Ohm transmission line loading model.  For the details of this model, 
   and for more information on accounting for different loading conditions, 
   please see the device datasheet.



Data Sheet report:
-----------------
All values displayed in nanoseconds (ns)

Pad to Pad
---------------+---------------+---------+
Source Pad     |Destination Pad|  Delay  |
---------------+---------------+---------+
A<0>           |Cout           |    5.036|
A<0>           |Sum<0>         |    4.932|
A<0>           |Sum<1>         |    5.154|
A<0>           |Sum<2>         |    5.388|
A<0>           |Sum<3>         |    5.453|
A<1>           |Cout           |    5.022|
A<1>           |Sum<1>         |    4.934|
A<1>           |Sum<2>         |    5.374|
A<1>           |Sum<3>         |    5.439|
A<2>           |Cout           |    4.950|
A<2>           |Sum<2>         |    4.932|
A<2>           |Sum<3>         |    5.154|
A<3>           |Cout           |    4.936|
A<3>           |Sum<3>         |    4.934|
B<0>           |Cout           |    5.036|
B<0>           |Sum<0>         |    4.932|
B<0>           |Sum<1>         |    5.154|
B<0>           |Sum<2>         |    5.388|
B<0>           |Sum<3>         |    5.453|
B<1>           |Cout           |    5.022|
B<1>           |Sum<1>         |    4.934|
B<1>           |Sum<2>         |    5.374|
B<1>           |Sum<3>         |    5.439|
B<2>           |Cout           |    4.950|
B<2>           |Sum<2>         |    4.932|
B<2>           |Sum<3>         |    5.154|
B<3>           |Cout           |    4.936|
B<3>           |Sum<3>         |    4.934|
Cin            |Cout           |    4.965|
Cin            |Sum<0>         |    5.123|
Cin            |Sum<1>         |    5.188|
Cin            |Sum<2>         |    5.317|
Cin            |Sum<3>         |    5.382|
---------------+---------------+---------+


Analysis completed Fri Apr 23 10:11:15 2021 
--------------------------------------------------------------------------------

Trace Settings:
-------------------------
Trace Settings 

Peak Memory Usage: 4652 MB



