--------------------------------------------------------------------------------
Release 14.7 Trace  (nt64)
Copyright (c) 1995-2013 Xilinx, Inc.  All rights reserved.

D:\Xilinx\Xilinx\14.7\ISE_DS\ISE\bin\nt64\unwrapped\trce.exe -intstyle ise -v 3
-s 10 -n 3 -fastpaths -xml multiplier_2bit.twx multiplier_2bit.ncd -o
multiplier_2bit.twr multiplier_2bit.pcf -ucf multiplier_2bit.ucf

Design file:              multiplier_2bit.ncd
Physical constraint file: multiplier_2bit.pcf
Device,package,speed:     xc4vsx35,ff668,-10 (PRODUCTION 1.71 2013-10-13, STEPPING level 1)
Report level:             verbose report

Environment Variable      Effect 
--------------------      ------ 
NONE                      No environment variables were set
--------------------------------------------------------------------------------

INFO:Timing:2698 - No timing constraints found, doing default enumeration.
INFO:Timing:3412 - To improve timing, see the Timing Closure User Guide (UG612).
INFO:Timing:2752 - To get complete path coverage, use the unconstrained paths 
   option. All paths that are not constrained will be reported in the 
   unconstrained paths section(s) of the report.
INFO:Timing:3339 - The clock-to-out numbers in this timing report are based on 
   a 50 Ohm transmission line loading model.  For the details of this model, 
   and for more information on accounting for different loading conditions, 
   please see the device datasheet.



Data Sheet report:
-----------------
All values displayed in nanoseconds (ns)

Pad to Pad
---------------+---------------+---------+
Source Pad     |Destination Pad|  Delay  |
---------------+---------------+---------+
A<0>           |mul<0>         |   10.073|
A<0>           |mul<1>         |   10.266|
A<0>           |mul<2>         |   11.058|
A<0>           |mul<3>         |   11.486|
A<1>           |mul<1>         |   10.581|
A<1>           |mul<2>         |   11.246|
A<1>           |mul<3>         |   11.663|
B<0>           |mul<0>         |   10.258|
B<0>           |mul<1>         |   10.443|
B<0>           |mul<2>         |   11.326|
B<0>           |mul<3>         |   11.747|
B<1>           |mul<1>         |   10.628|
B<1>           |mul<2>         |   11.101|
B<1>           |mul<3>         |   11.522|
---------------+---------------+---------+


Analysis completed Sat May 15 20:06:43 2021 
--------------------------------------------------------------------------------

Trace Settings:
-------------------------
Trace Settings 

Peak Memory Usage: 4652 MB



