#-----------------------------------------------------------
# PlanAhead v14.7 (64-bit)
# Build 321239 by xbuild on Fri Sep 27 19:29:51 MDT 2013
# Start of session at: Tue Apr 27 09:41:55 2021
# Process ID: 5004
# Log file: D:/Document FPGA/ThayThuy/FPGA/Virtex_4_ML402/project_ISE_division50Mhz/planAhead_run_2/planAhead.log
# Journal file: D:/Document FPGA/ThayThuy/FPGA/Virtex_4_ML402/project_ISE_division50Mhz/planAhead_run_2/planAhead.jou
#-----------------------------------------------------------
INFO: [Common 17-78] Attempting to get a license: PlanAhead
INFO: [Common 17-290] Got license for PlanAhead
INFO: [Device 21-36] Loading parts and site information from D:/Xilinx/Xilinx/14.7/ISE_DS/PlanAhead/data/parts/arch.xml
Parsing RTL primitives file [D:/Xilinx/Xilinx/14.7/ISE_DS/PlanAhead/data/parts/xilinx/rtl/prims/rtl_prims.xml]
Finished parsing RTL primitives file [D:/Xilinx/Xilinx/14.7/ISE_DS/PlanAhead/data/parts/xilinx/rtl/prims/rtl_prims.xml]
start_gui
INFO: [Common 17-81] Feature available: PartialReconfiguration
source {D:/Document FPGA/ThayThuy/FPGA/Virtex_4_ML402/project_ISE_division50Mhz/pa.fromNetlist.tcl}
# create_project -name project_ISE_division50Mhz -dir "D:/Document FPGA/ThayThuy/FPGA/Virtex_4_ML402/project_ISE_division50Mhz/planAhead_run_2" -part xc4vsx35ff668-10
# set_property design_mode GateLvl [get_property srcset [current_run -impl]]
# set_property edif_top_file "D:/Document FPGA/ThayThuy/FPGA/Virtex_4_ML402/project_ISE_division50Mhz/div_100Mhz.ngc" [ get_property srcset [ current_run ] ]
# add_files -norecurse { {D:/Document FPGA/ThayThuy/FPGA/Virtex_4_ML402/project_ISE_division50Mhz} }
# set_param project.pinAheadLayout  yes
# set_property target_constrs_file "div_100Mhz.ucf" [current_fileset -constrset]
Adding file 'D:/Document FPGA/ThayThuy/FPGA/Virtex_4_ML402/project_ISE_division50Mhz/div_100Mhz.ucf' to fileset 'constrs_1'
# add_files [list {div_100Mhz.ucf}] -fileset [get_property constrset [current_run]]
# link_design
Design is defaulting to srcset: sources_1
Design is defaulting to constrset: constrs_1
Design is defaulting to project part: xc4vsx35ff668-10
Release 14.7 - ngc2edif P.20131013 (nt64)
Copyright (c) 1995-2013 Xilinx, Inc.  All rights reserved.
Reading design div_100Mhz.ngc ...
WARNING:NetListWriters:298 - No output is written to div_100Mhz.xncf, ignored.
Processing design ...
   Preping design's networks ...
   Preping design's macros ...
  finished :Prep
Writing EDIF netlist file div_100Mhz.edif ...
ngc2edif: Total memory usage is 4309680 kilobytes

Parsing EDIF File [./planAhead_run_2/project_ISE_division50Mhz.data/cache/div_100Mhz_ngc_zx.edif]
Finished Parsing EDIF File [./planAhead_run_2/project_ISE_division50Mhz.data/cache/div_100Mhz_ngc_zx.edif]
INFO: [Designutils 20-910] Reading macro library D:/Xilinx/Xilinx/14.7/ISE_DS/PlanAhead/data\./parts/xilinx/virtex4/hd_int_macros.edn
Parsing EDIF File [D:/Xilinx/Xilinx/14.7/ISE_DS/PlanAhead/data\./parts/xilinx/virtex4/hd_int_macros.edn]
Finished Parsing EDIF File [D:/Xilinx/Xilinx/14.7/ISE_DS/PlanAhead/data\./parts/xilinx/virtex4/hd_int_macros.edn]
INFO: [Device 21-21] Reading bus macro file D:/Xilinx/Xilinx/14.7/ISE_DS/PlanAhead/data\./parts/xilinx/virtex4/pr_bus_macros.xml
Loading clock regions from D:/Xilinx/Xilinx/14.7/ISE_DS/PlanAhead/data\parts/xilinx/virtex4/virtex4sx/xc4vsx35/ClockRegion.xml
Loading clock buffers from D:/Xilinx/Xilinx/14.7/ISE_DS/PlanAhead/data\parts/xilinx/virtex4/virtex4sx/xc4vsx35/ClockBuffers.xml
Loading package from D:/Xilinx/Xilinx/14.7/ISE_DS/PlanAhead/data\parts/xilinx/virtex4/virtex4sx/xc4vsx35/ff668/Package.xml
Loading io standards from D:/Xilinx/Xilinx/14.7/ISE_DS/PlanAhead/data\./parts/xilinx/virtex4/IOStandards.xml
INFO: [Device 21-19] Loading pkg sso from D:/Xilinx/Xilinx/14.7/ISE_DS/PlanAhead/data\parts/xilinx/virtex4/virtex4sx/xc4vsx35/ff668/SSORules.xml
Loading list of drcs for the architecture : D:/Xilinx/Xilinx/14.7/ISE_DS/PlanAhead/data\./parts/xilinx/virtex4/drc.xml
INFO: [Timing 38-77] Reading timing library D:/Xilinx/Xilinx/14.7/ISE_DS/PlanAhead/data\parts/xilinx/virtex4/virtex4sx/virtex4sx-10.lib.
INFO: [Timing 38-34] Done reading timing library D:/Xilinx/Xilinx/14.7/ISE_DS/PlanAhead/data\parts/xilinx/virtex4/virtex4sx/virtex4sx-10.lib.
Parsing UCF File [D:/Document FPGA/ThayThuy/FPGA/Virtex_4_ML402/project_ISE_division50Mhz/div_100Mhz.ucf]
Finished Parsing UCF File [D:/Document FPGA/ThayThuy/FPGA/Virtex_4_ML402/project_ISE_division50Mhz/div_100Mhz.ucf]
INFO: [Project 1-111] Unisim Transformation Summary:
No Unisim elements were transformed.

Phase 0 | Netlist Checksum: 27ea2e60
link_design: Time (s): elapsed = 00:00:23 . Memory (MB): peak = 889.723 ; gain = 173.559
exit
ERROR: [PlanAhead 12-106] *** Exception: ui.h.b: Found deleted key in HTclEventBroker. Verify if the classes listed here call cleanup()
HTclEvent: DEBUG_PORT_CONFIG_CHANGE   Classes: ui.views.aR 
HTclEvent: SIGNAL_MODIFY   Classes: ui.views.aR 
HTclEvent: SIGNAL_BUS_MODIFY   Classes: ui.views.aR 
HTclEvent: DEBUG_CORE_CONFIG_CHANGE   Classes: ui.views.aR 
 (See D:/Document FPGA/ThayThuy/FPGA/Virtex_4_ML402/project_ISE_division50Mhz\planAhead_pid5004.debug)
ERROR: [Common 17-39] 'stop_gui' failed due to earlier errors.
INFO: [Common 17-206] Exiting PlanAhead at Tue Apr 27 09:48:05 2021...
INFO: [Common 17-83] Releasing license: PlanAhead
