--------------------------------------------------------------------------------
Release 14.7 Trace  (nt64)
Copyright (c) 1995-2013 Xilinx, Inc.  All rights reserved.

D:\Xilinx\Xilinx\14.7\ISE_DS\ISE\bin\nt64\unwrapped\trce.exe -intstyle ise -v 3
-s 10 -n 3 -fastpaths -xml control_led.twx control_led.ncd -o control_led.twr
control_led.pcf -ucf control_led.ucf

Design file:              control_led.ncd
Physical constraint file: control_led.pcf
Device,package,speed:     xc4vsx35,ff668,-10 (PRODUCTION 1.71 2013-10-13, STEPPING level 1)
Report level:             verbose report

Environment Variable      Effect 
--------------------      ------ 
NONE                      No environment variables were set
--------------------------------------------------------------------------------

INFO:Timing:2698 - No timing constraints found, doing default enumeration.
INFO:Timing:3412 - To improve timing, see the Timing Closure User Guide (UG612).
INFO:Timing:2752 - To get complete path coverage, use the unconstrained paths 
   option. All paths that are not constrained will be reported in the 
   unconstrained paths section(s) of the report.
INFO:Timing:3339 - The clock-to-out numbers in this timing report are based on 
   a 50 Ohm transmission line loading model.  For the details of this model, 
   and for more information on accounting for different loading conditions, 
   please see the device datasheet.



Data Sheet report:
-----------------
All values displayed in nanoseconds (ns)

Pad to Pad
---------------+---------------+---------+
Source Pad     |Destination Pad|  Delay  |
---------------+---------------+---------+
button<0>      |led<0>         |    6.037|
button<1>      |led<1>         |    5.989|
button<2>      |led<2>         |    6.046|
button<3>      |led<3>         |    5.998|
button<4>      |led<4>         |    6.528|
sw<0>          |led<5>         |    8.971|
sw<1>          |led<6>         |    8.968|
sw<2>          |led<7>         |   10.550|
sw<3>          |led<8>         |   10.526|
---------------+---------------+---------+


Analysis completed Mon Apr 12 11:24:40 2021 
--------------------------------------------------------------------------------

Trace Settings:
-------------------------
Trace Settings 

Peak Memory Usage: 4652 MB



