#-----------------------------------------------------------
# PlanAhead v14.7 (64-bit)
# Build 321239 by xbuild on Fri Sep 27 19:29:51 MDT 2013
# Start of session at: Fri Apr 23 14:13:53 2021
# Process ID: 10528
# Log file: D:/Document FPGA/ThayThuy/FPGA/Virtex_4_ML402/project_ISE_multiplier_adder/planAhead_run_1/planAhead.log
# Journal file: D:/Document FPGA/ThayThuy/FPGA/Virtex_4_ML402/project_ISE_multiplier_adder/planAhead_run_1/planAhead.jou
#-----------------------------------------------------------
INFO: [Common 17-78] Attempting to get a license: PlanAhead
INFO: [Common 17-290] Got license for PlanAhead
INFO: [Device 21-36] Loading parts and site information from D:/Xilinx/Xilinx/14.7/ISE_DS/PlanAhead/data/parts/arch.xml
Parsing RTL primitives file [D:/Xilinx/Xilinx/14.7/ISE_DS/PlanAhead/data/parts/xilinx/rtl/prims/rtl_prims.xml]
Finished parsing RTL primitives file [D:/Xilinx/Xilinx/14.7/ISE_DS/PlanAhead/data/parts/xilinx/rtl/prims/rtl_prims.xml]
start_gui
INFO: [Common 17-81] Feature available: PartialReconfiguration
source {D:/Document FPGA/ThayThuy/FPGA/Virtex_4_ML402/project_ISE_multiplier_adder/pa.fromNetlist.tcl}
# create_project -name project_ISE_multiplier_adder -dir "D:/Document FPGA/ThayThuy/FPGA/Virtex_4_ML402/project_ISE_multiplier_adder/planAhead_run_1" -part xc4vsx35ff668-10
# set_property design_mode GateLvl [get_property srcset [current_run -impl]]
# set_property edif_top_file "D:/Document FPGA/ThayThuy/FPGA/Virtex_4_ML402/project_ISE_multiplier_adder/add_mul_2bit.ngc" [ get_property srcset [ current_run ] ]
# add_files -norecurse { {D:/Document FPGA/ThayThuy/FPGA/Virtex_4_ML402/project_ISE_multiplier_adder} }
# set_param project.pinAheadLayout  yes
# set_property target_constrs_file "add_mul_2bit.ucf" [current_fileset -constrset]
Adding file 'D:/Document FPGA/ThayThuy/FPGA/Virtex_4_ML402/project_ISE_multiplier_adder/add_mul_2bit.ucf' to fileset 'constrs_1'
# add_files [list {add_mul_2bit.ucf}] -fileset [get_property constrset [current_run]]
# link_design
Design is defaulting to srcset: sources_1
Design is defaulting to constrset: constrs_1
Design is defaulting to project part: xc4vsx35ff668-10
Release 14.7 - ngc2edif P.20131013 (nt64)
Copyright (c) 1995-2013 Xilinx, Inc.  All rights reserved.
Reading design add_mul_2bit.ngc ...
WARNING:NetListWriters:298 - No output is written to add_mul_2bit.xncf, ignored.
Processing design ...
   Preping design's networks ...
   Preping design's macros ...
  finished :Prep
Writing EDIF netlist file add_mul_2bit.edif ...
ngc2edif: Total memory usage is 4309680 kilobytes

Parsing EDIF File [./planAhead_run_1/project_ISE_multiplier_adder.data/cache/add_mul_2bit_ngc_zx.edif]
Finished Parsing EDIF File [./planAhead_run_1/project_ISE_multiplier_adder.data/cache/add_mul_2bit_ngc_zx.edif]
INFO: [Designutils 20-910] Reading macro library D:/Xilinx/Xilinx/14.7/ISE_DS/PlanAhead/data\./parts/xilinx/virtex4/hd_int_macros.edn
Parsing EDIF File [D:/Xilinx/Xilinx/14.7/ISE_DS/PlanAhead/data\./parts/xilinx/virtex4/hd_int_macros.edn]
Finished Parsing EDIF File [D:/Xilinx/Xilinx/14.7/ISE_DS/PlanAhead/data\./parts/xilinx/virtex4/hd_int_macros.edn]
INFO: [Device 21-21] Reading bus macro file D:/Xilinx/Xilinx/14.7/ISE_DS/PlanAhead/data\./parts/xilinx/virtex4/pr_bus_macros.xml
Loading clock regions from D:/Xilinx/Xilinx/14.7/ISE_DS/PlanAhead/data\parts/xilinx/virtex4/virtex4sx/xc4vsx35/ClockRegion.xml
Loading clock buffers from D:/Xilinx/Xilinx/14.7/ISE_DS/PlanAhead/data\parts/xilinx/virtex4/virtex4sx/xc4vsx35/ClockBuffers.xml
Loading package from D:/Xilinx/Xilinx/14.7/ISE_DS/PlanAhead/data\parts/xilinx/virtex4/virtex4sx/xc4vsx35/ff668/Package.xml
Loading io standards from D:/Xilinx/Xilinx/14.7/ISE_DS/PlanAhead/data\./parts/xilinx/virtex4/IOStandards.xml
INFO: [Device 21-19] Loading pkg sso from D:/Xilinx/Xilinx/14.7/ISE_DS/PlanAhead/data\parts/xilinx/virtex4/virtex4sx/xc4vsx35/ff668/SSORules.xml
Loading list of drcs for the architecture : D:/Xilinx/Xilinx/14.7/ISE_DS/PlanAhead/data\./parts/xilinx/virtex4/drc.xml
INFO: [Timing 38-77] Reading timing library D:/Xilinx/Xilinx/14.7/ISE_DS/PlanAhead/data\parts/xilinx/virtex4/virtex4sx/virtex4sx-10.lib.
INFO: [Timing 38-34] Done reading timing library D:/Xilinx/Xilinx/14.7/ISE_DS/PlanAhead/data\parts/xilinx/virtex4/virtex4sx/virtex4sx-10.lib.
Parsing UCF File [D:/Document FPGA/ThayThuy/FPGA/Virtex_4_ML402/project_ISE_multiplier_adder/add_mul_2bit.ucf]
Finished Parsing UCF File [D:/Document FPGA/ThayThuy/FPGA/Virtex_4_ML402/project_ISE_multiplier_adder/add_mul_2bit.ucf]
INFO: [Project 1-111] Unisim Transformation Summary:
No Unisim elements were transformed.

Phase 0 | Netlist Checksum: 1aa14e3f
link_design: Time (s): elapsed = 00:00:19 . Memory (MB): peak = 884.094 ; gain = 167.395
startgroup
set_property package_pin R20 [get_ports {A[1]}]
endgroup
startgroup
set_property package_pin R19 [get_ports {A[0]}]
endgroup
startgroup
set_property package_pin T26 [get_ports {B[1]}]
endgroup
startgroup
set_property package_pin U26 [get_ports {B[0]}]
endgroup
set_property package_pin "" [get_ports [list  {C[3]}]]
startgroup
set_property package_pin U23 [get_ports {C[3]}]
endgroup
startgroup
set_property package_pin V23 [get_ports {C[2]}]
endgroup
startgroup
set_property package_pin U25 [get_ports {C[1]}]
endgroup
startgroup
set_property package_pin U24 [get_ports {C[0]}]
endgroup
startgroup
set_property package_pin G5 [get_ports {result[3]}]
endgroup
startgroup
set_property package_pin G6 [get_ports {result[2]}]
endgroup
startgroup
set_property package_pin A11 [get_ports {result[1]}]
endgroup
startgroup
set_property package_pin A12 [get_ports {result[0]}]
endgroup
startgroup
set_property package_pin C6 [get_ports mem_flag]
endgroup
save_constraints
exit
ERROR: [PlanAhead 12-106] *** Exception: ui.h.b: Found deleted key in HTclEventBroker. Verify if the classes listed here call cleanup()
HTclEvent: DEBUG_PORT_CONFIG_CHANGE   Classes: ui.views.aR 
HTclEvent: SIGNAL_MODIFY   Classes: ui.views.aR 
HTclEvent: SIGNAL_BUS_MODIFY   Classes: ui.views.aR 
HTclEvent: DEBUG_CORE_CONFIG_CHANGE   Classes: ui.views.aR 
 (See D:/Document FPGA/ThayThuy/FPGA/Virtex_4_ML402/project_ISE_multiplier_adder\planAhead_pid10528.debug)
ERROR: [Common 17-39] 'stop_gui' failed due to earlier errors.
INFO: [Common 17-206] Exiting PlanAhead at Fri Apr 23 14:16:36 2021...
INFO: [Common 17-83] Releasing license: PlanAhead
