Release 14.7 - xst P.20131013 (nt64)
Copyright (c) 1995-2013 Xilinx, Inc.  All rights reserved.
--> Parameter TMPDIR set to xst/projnav.tmp


Total REAL time to Xst completion: 1.00 secs
Total CPU time to Xst completion: 0.38 secs
 
--> Parameter xsthdpdir set to xst


Total REAL time to Xst completion: 1.00 secs
Total CPU time to Xst completion: 0.38 secs
 
--> Reading design: div_100Mhz.prj

TABLE OF CONTENTS
  1) Synthesis Options Summary
  2) HDL Compilation
  3) Design Hierarchy Analysis
  4) HDL Analysis
  5) HDL Synthesis
     5.1) HDL Synthesis Report
  6) Advanced HDL Synthesis
     6.1) Advanced HDL Synthesis Report
  7) Low Level Synthesis
  8) Partition Report
  9) Final Report
	9.1) Device utilization summary
	9.2) Partition Resource Summary
	9.3) TIMING REPORT


=========================================================================
*                      Synthesis Options Summary                        *
=========================================================================
---- Source Parameters
Input File Name                    : "div_100Mhz.prj"
Input Format                       : mixed
Ignore Synthesis Constraint File   : NO

---- Target Parameters
Output File Name                   : "div_100Mhz"
Output Format                      : NGC
Target Device                      : xc4vsx35-10-ff668

---- Source Options
Top Module Name                    : div_100Mhz
Automatic FSM Extraction           : YES
FSM Encoding Algorithm             : Auto
Safe Implementation                : No
FSM Style                          : LUT
RAM Extraction                     : Yes
RAM Style                          : Auto
ROM Extraction                     : Yes
Mux Style                          : Auto
Decoder Extraction                 : YES
Priority Encoder Extraction        : Yes
Shift Register Extraction          : YES
Logical Shifter Extraction         : YES
XOR Collapsing                     : YES
ROM Style                          : Auto
Mux Extraction                     : Yes
Resource Sharing                   : YES
Asynchronous To Synchronous        : NO
Use DSP Block                      : Auto
Automatic Register Balancing       : No

---- Target Options
Add IO Buffers                     : YES
Global Maximum Fanout              : 100000
Add Generic Clock Buffer(BUFG)     : 32
Number of Regional Clock Buffers   : 24
Register Duplication               : YES
Slice Packing                      : YES
Optimize Instantiated Primitives   : NO
Use Clock Enable                   : Auto
Use Synchronous Set                : Auto
Use Synchronous Reset              : Auto
Pack IO Registers into IOBs        : Auto
Equivalent register Removal        : YES

---- General Options
Optimization Goal                  : Speed
Optimization Effort                : 1
Power Reduction                    : NO
Keep Hierarchy                     : No
Netlist Hierarchy                  : As_Optimized
RTL Output                         : Yes
Global Optimization                : AllClockNets
Read Cores                         : YES
Write Timing Constraints           : NO
Cross Clock Analysis               : NO
Hierarchy Separator                : /
Bus Delimiter                      : <>
Case Specifier                     : Maintain
Slice Utilization Ratio            : 100
BRAM Utilization Ratio             : 100
DSP48 Utilization Ratio            : 100
Verilog 2001                       : YES
Auto BRAM Packing                  : NO
Slice Utilization Ratio Delta      : 5

=========================================================================


=========================================================================
*                          HDL Compilation                              *
=========================================================================
Compiling vhdl file "D:/Document FPGA/ThayThuy/FPGA/Virtex_4_ML402/project_ISE_division50Mhz/div_100Mhz.vhd" in Library work.
Architecture behavioral of Entity div_100mhz is up to date.

=========================================================================
*                     Design Hierarchy Analysis                         *
=========================================================================
Analyzing hierarchy for entity <div_100Mhz> in library <work> (architecture <behavioral>) with generics.
	cnt_div = 49999999


=========================================================================
*                            HDL Analysis                               *
=========================================================================
Analyzing generic Entity <div_100Mhz> in library <work> (Architecture <behavioral>).
	cnt_div = 49999999
Entity <div_100Mhz> analyzed. Unit <div_100Mhz> generated.


=========================================================================
*                           HDL Synthesis                               *
=========================================================================

Performing bidirectional port resolution...

Synthesizing Unit <div_100Mhz>.
    Related source file is "D:/Document FPGA/ThayThuy/FPGA/Virtex_4_ML402/project_ISE_division50Mhz/div_100Mhz.vhd".
    Found 1-bit register for signal <clk_out>.
    Found 32-bit up counter for signal <cnt>.
    Summary:
	inferred   1 Counter(s).
	inferred   1 D-type flip-flop(s).
Unit <div_100Mhz> synthesized.


=========================================================================
HDL Synthesis Report

Macro Statistics
# Counters                                             : 1
 32-bit up counter                                     : 1
# Registers                                            : 1
 1-bit register                                        : 1

=========================================================================

=========================================================================
*                       Advanced HDL Synthesis                          *
=========================================================================


=========================================================================
Advanced HDL Synthesis Report

Macro Statistics
# Counters                                             : 1
 32-bit up counter                                     : 1
# Registers                                            : 1
 Flip-Flops                                            : 1

=========================================================================

=========================================================================
*                         Low Level Synthesis                           *
=========================================================================

Optimizing unit <div_100Mhz> ...

Mapping all equations...
Building and optimizing final netlist ...
Found area constraint ratio of 100 (+ 5) on block div_100Mhz, actual ratio is 0.

Final Macro Processing ...

=========================================================================
Final Register Report

Macro Statistics
# Registers                                            : 33
 Flip-Flops                                            : 33

=========================================================================

=========================================================================
*                           Partition Report                            *
=========================================================================

Partition Implementation Status
-------------------------------

  No Partitions were found in this design.

-------------------------------

=========================================================================
*                            Final Report                               *
=========================================================================
Final Results
RTL Top Level Output File Name     : div_100Mhz.ngr
Top Level Output File Name         : div_100Mhz
Output Format                      : NGC
Optimization Goal                  : Speed
Keep Hierarchy                     : No

Design Statistics
# IOs                              : 2

Cell Usage :
# BELS                             : 140
#      GND                         : 1
#      INV                         : 2
#      LUT1                        : 31
#      LUT2                        : 26
#      LUT4                        : 8
#      MUXCY                       : 39
#      VCC                         : 1
#      XORCY                       : 32
# FlipFlops/Latches                : 33
#      FD                          : 26
#      FDE                         : 1
#      FDR                         : 6
# Clock Buffers                    : 1
#      BUFGP                       : 1
# IO Buffers                       : 1
#      OBUF                        : 1
=========================================================================

Device utilization summary:
---------------------------

Selected Device : 4vsx35ff668-10 

 Number of Slices:                       36  out of  15360     0%  
 Number of Slice Flip Flops:             33  out of  30720     0%  
 Number of 4 input LUTs:                 67  out of  30720     0%  
 Number of IOs:                           2
 Number of bonded IOBs:                   2  out of    448     0%  
 Number of GCLKs:                         1  out of     32     3%  

---------------------------
Partition Resource Summary:
---------------------------

  No Partitions were found in this design.

---------------------------


=========================================================================
TIMING REPORT

NOTE: THESE TIMING NUMBERS ARE ONLY A SYNTHESIS ESTIMATE.
      FOR ACCURATE TIMING INFORMATION PLEASE REFER TO THE TRACE REPORT
      GENERATED AFTER PLACE-and-ROUTE.

Clock Information:
------------------
-----------------------------------+------------------------+-------+
Clock Signal                       | Clock buffer(FF name)  | Load  |
-----------------------------------+------------------------+-------+
clk_in                             | BUFGP                  | 33    |
-----------------------------------+------------------------+-------+

Asynchronous Control Signals Information:
----------------------------------------
No asynchronous control signals found in this design

Timing Summary:
---------------
Speed Grade: -10

   Minimum period: 4.203ns (Maximum Frequency: 237.901MHz)
   Minimum input arrival time before clock: No path found
   Maximum output required time after clock: 4.694ns
   Maximum combinational path delay: No path found

Timing Detail:
--------------
All values displayed in nanoseconds (ns)

=========================================================================
Timing constraint: Default period analysis for Clock 'clk_in'
  Clock period: 4.203ns (frequency: 237.901MHz)
  Total number of paths / destination ports: 1585 / 40
-------------------------------------------------------------------------
Delay:               4.203ns (Levels of Logic = 9)
  Source:            cnt_8 (FF)
  Destination:       cnt_26 (FF)
  Source Clock:      clk_in rising
  Destination Clock: clk_in rising

  Data Path: cnt_8 to cnt_26
                                Gate     Net
    Cell:in->out      fanout   Delay   Delay  Logical Name (Net Name)
    ----------------------------------------  ------------
     FD:C->Q               2   0.360   0.758  cnt_8 (cnt_8)
     LUT4:I0->O            1   0.195   0.000  cnt_cmp_eq0000_wg_lut<0> (cnt_cmp_eq0000_wg_lut<0>)
     MUXCY:S->O            1   0.366   0.000  cnt_cmp_eq0000_wg_cy<0> (cnt_cmp_eq0000_wg_cy<0>)
     MUXCY:CI->O           1   0.045   0.000  cnt_cmp_eq0000_wg_cy<1> (cnt_cmp_eq0000_wg_cy<1>)
     MUXCY:CI->O           1   0.045   0.000  cnt_cmp_eq0000_wg_cy<2> (cnt_cmp_eq0000_wg_cy<2>)
     MUXCY:CI->O           1   0.045   0.000  cnt_cmp_eq0000_wg_cy<3> (cnt_cmp_eq0000_wg_cy<3>)
     MUXCY:CI->O           1   0.045   0.000  cnt_cmp_eq0000_wg_cy<4> (cnt_cmp_eq0000_wg_cy<4>)
     MUXCY:CI->O           1   0.045   0.000  cnt_cmp_eq0000_wg_cy<5> (cnt_cmp_eq0000_wg_cy<5>)
     MUXCY:CI->O           1   0.045   0.000  cnt_cmp_eq0000_wg_cy<6> (cnt_cmp_eq0000_wg_cy<6>)
     MUXCY:CI->O          33   0.263   0.932  cnt_cmp_eq0000_wg_cy<7> (cnt_cmp_eq0000)
     FDR:R                     1.062          cnt_26
    ----------------------------------------
    Total                      4.203ns (2.514ns logic, 1.690ns route)
                                       (59.8% logic, 40.2% route)

=========================================================================
Timing constraint: Default OFFSET OUT AFTER for Clock 'clk_in'
  Total number of paths / destination ports: 1 / 1
-------------------------------------------------------------------------
Offset:              4.694ns (Levels of Logic = 1)
  Source:            clk_out (FF)
  Destination:       clk_out (PAD)
  Source Clock:      clk_in rising

  Data Path: clk_out to clk_out
                                Gate     Net
    Cell:in->out      fanout   Delay   Delay  Logical Name (Net Name)
    ----------------------------------------  ------------
     FDE:C->Q              2   0.360   0.377  clk_out (clk_out_OBUF)
     OBUF:I->O                 3.957          clk_out_OBUF (clk_out)
    ----------------------------------------
    Total                      4.694ns (4.317ns logic, 0.377ns route)
                                       (92.0% logic, 8.0% route)

=========================================================================


Total REAL time to Xst completion: 13.00 secs
Total CPU time to Xst completion: 12.41 secs
 
--> 

Total memory usage is 4529340 kilobytes

Number of errors   :    0 (   0 filtered)
Number of warnings :    0 (   0 filtered)
Number of infos    :    0 (   0 filtered)

