Release 14.7 - xst P.20131013 (nt64)
Copyright (c) 1995-2013 Xilinx, Inc.  All rights reserved.
--> Parameter TMPDIR set to xst/projnav.tmp


Total REAL time to Xst completion: 1.00 secs
Total CPU time to Xst completion: 0.22 secs
 
--> Parameter xsthdpdir set to xst


Total REAL time to Xst completion: 1.00 secs
Total CPU time to Xst completion: 0.22 secs
 
--> Reading design: counterN.prj

TABLE OF CONTENTS
  1) Synthesis Options Summary
  2) HDL Compilation
  3) Design Hierarchy Analysis
  4) HDL Analysis
  5) HDL Synthesis
     5.1) HDL Synthesis Report
  6) Advanced HDL Synthesis
     6.1) Advanced HDL Synthesis Report
  7) Low Level Synthesis
  8) Partition Report
  9) Final Report
	9.1) Device utilization summary
	9.2) Partition Resource Summary
	9.3) TIMING REPORT


=========================================================================
*                      Synthesis Options Summary                        *
=========================================================================
---- Source Parameters
Input File Name                    : "counterN.prj"
Input Format                       : mixed
Ignore Synthesis Constraint File   : NO

---- Target Parameters
Output File Name                   : "counterN"
Output Format                      : NGC
Target Device                      : xc4vsx35-10-ff668

---- Source Options
Top Module Name                    : counterN
Automatic FSM Extraction           : YES
FSM Encoding Algorithm             : Auto
Safe Implementation                : No
FSM Style                          : LUT
RAM Extraction                     : Yes
RAM Style                          : Auto
ROM Extraction                     : Yes
Mux Style                          : Auto
Decoder Extraction                 : YES
Priority Encoder Extraction        : Yes
Shift Register Extraction          : YES
Logical Shifter Extraction         : YES
XOR Collapsing                     : YES
ROM Style                          : Auto
Mux Extraction                     : Yes
Resource Sharing                   : YES
Asynchronous To Synchronous        : NO
Use DSP Block                      : Auto
Automatic Register Balancing       : No

---- Target Options
Add IO Buffers                     : YES
Global Maximum Fanout              : 100000
Add Generic Clock Buffer(BUFG)     : 32
Number of Regional Clock Buffers   : 24
Register Duplication               : YES
Slice Packing                      : YES
Optimize Instantiated Primitives   : NO
Use Clock Enable                   : Auto
Use Synchronous Set                : Auto
Use Synchronous Reset              : Auto
Pack IO Registers into IOBs        : Auto
Equivalent register Removal        : YES

---- General Options
Optimization Goal                  : Speed
Optimization Effort                : 1
Power Reduction                    : NO
Keep Hierarchy                     : No
Netlist Hierarchy                  : As_Optimized
RTL Output                         : Yes
Global Optimization                : AllClockNets
Read Cores                         : YES
Write Timing Constraints           : NO
Cross Clock Analysis               : NO
Hierarchy Separator                : /
Bus Delimiter                      : <>
Case Specifier                     : Maintain
Slice Utilization Ratio            : 100
BRAM Utilization Ratio             : 100
DSP48 Utilization Ratio            : 100
Verilog 2001                       : YES
Auto BRAM Packing                  : NO
Slice Utilization Ratio Delta      : 5

=========================================================================


=========================================================================
*                          HDL Compilation                              *
=========================================================================
Compiling vhdl file "D:/Document FPGA/ThayThuy/FPGA/Virtex_4_ML402/project_ISE_counterN/counterN.vhd" in Library work.
Architecture behavioral of Entity countern is up to date.

=========================================================================
*                     Design Hierarchy Analysis                         *
=========================================================================
Analyzing hierarchy for entity <counterN> in library <work> (architecture <behavioral>) with generics.
	N = 32


=========================================================================
*                            HDL Analysis                               *
=========================================================================
Analyzing generic Entity <counterN> in library <work> (Architecture <behavioral>).
	N = 32
Entity <counterN> analyzed. Unit <counterN> generated.


=========================================================================
*                           HDL Synthesis                               *
=========================================================================

Performing bidirectional port resolution...

Synthesizing Unit <counterN>.
    Related source file is "D:/Document FPGA/ThayThuy/FPGA/Virtex_4_ML402/project_ISE_counterN/counterN.vhd".
    Found 32-bit up counter for signal <cnt_reg>.
    Summary:
	inferred   1 Counter(s).
Unit <counterN> synthesized.


=========================================================================
HDL Synthesis Report

Macro Statistics
# Counters                                             : 1
 32-bit up counter                                     : 1

=========================================================================

=========================================================================
*                       Advanced HDL Synthesis                          *
=========================================================================


=========================================================================
Advanced HDL Synthesis Report

Macro Statistics
# Counters                                             : 1
 32-bit up counter                                     : 1

=========================================================================

=========================================================================
*                         Low Level Synthesis                           *
=========================================================================

Optimizing unit <counterN> ...

Mapping all equations...
Building and optimizing final netlist ...
Found area constraint ratio of 100 (+ 5) on block counterN, actual ratio is 0.

Final Macro Processing ...

=========================================================================
Final Register Report

Macro Statistics
# Registers                                            : 32
 Flip-Flops                                            : 32

=========================================================================

=========================================================================
*                           Partition Report                            *
=========================================================================

Partition Implementation Status
-------------------------------

  No Partitions were found in this design.

-------------------------------

=========================================================================
*                            Final Report                               *
=========================================================================
Final Results
RTL Top Level Output File Name     : counterN.ngr
Top Level Output File Name         : counterN
Output Format                      : NGC
Optimization Goal                  : Speed
Keep Hierarchy                     : No

Design Statistics
# IOs                              : 10

Cell Usage :
# BELS                             : 98
#      GND                         : 1
#      INV                         : 2
#      LUT1                        : 31
#      MUXCY                       : 31
#      VCC                         : 1
#      XORCY                       : 32
# FlipFlops/Latches                : 32
#      FDRE                        : 32
# Clock Buffers                    : 1
#      BUFGP                       : 1
# IO Buffers                       : 9
#      IBUF                        : 2
#      OBUF                        : 7
=========================================================================

Device utilization summary:
---------------------------

Selected Device : 4vsx35ff668-10 

 Number of Slices:                       16  out of  15360     0%  
 Number of Slice Flip Flops:             32  out of  30720     0%  
 Number of 4 input LUTs:                 33  out of  30720     0%  
 Number of IOs:                          10
 Number of bonded IOBs:                  10  out of    448     2%  
 Number of GCLKs:                         1  out of     32     3%  

---------------------------
Partition Resource Summary:
---------------------------

  No Partitions were found in this design.

---------------------------


=========================================================================
TIMING REPORT

NOTE: THESE TIMING NUMBERS ARE ONLY A SYNTHESIS ESTIMATE.
      FOR ACCURATE TIMING INFORMATION PLEASE REFER TO THE TRACE REPORT
      GENERATED AFTER PLACE-and-ROUTE.

Clock Information:
------------------
-----------------------------------+------------------------+-------+
Clock Signal                       | Clock buffer(FF name)  | Load  |
-----------------------------------+------------------------+-------+
clk                                | BUFGP                  | 32    |
-----------------------------------+------------------------+-------+

Asynchronous Control Signals Information:
----------------------------------------
No asynchronous control signals found in this design

Timing Summary:
---------------
Speed Grade: -10

   Minimum period: 3.161ns (Maximum Frequency: 316.360MHz)
   Minimum input arrival time before clock: 3.673ns
   Maximum output required time after clock: 4.694ns
   Maximum combinational path delay: No path found

Timing Detail:
--------------
All values displayed in nanoseconds (ns)

=========================================================================
Timing constraint: Default period analysis for Clock 'clk'
  Clock period: 3.161ns (frequency: 316.360MHz)
  Total number of paths / destination ports: 528 / 32
-------------------------------------------------------------------------
Delay:               3.161ns (Levels of Logic = 33)
  Source:            cnt_reg_0 (FF)
  Destination:       cnt_reg_31 (FF)
  Source Clock:      clk rising
  Destination Clock: clk rising

  Data Path: cnt_reg_0 to cnt_reg_31
                                Gate     Net
    Cell:in->out      fanout   Delay   Delay  Logical Name (Net Name)
    ----------------------------------------  ------------
     FDRE:C->Q             1   0.360   0.360  cnt_reg_0 (cnt_reg_0)
     INV:I->O              1   0.358   0.000  Mcount_cnt_reg_lut<0>_INV_0 (Mcount_cnt_reg_lut<0>)
     MUXCY:S->O            1   0.366   0.000  Mcount_cnt_reg_cy<0> (Mcount_cnt_reg_cy<0>)
     MUXCY:CI->O           1   0.044   0.000  Mcount_cnt_reg_cy<1> (Mcount_cnt_reg_cy<1>)
     MUXCY:CI->O           1   0.044   0.000  Mcount_cnt_reg_cy<2> (Mcount_cnt_reg_cy<2>)
     MUXCY:CI->O           1   0.044   0.000  Mcount_cnt_reg_cy<3> (Mcount_cnt_reg_cy<3>)
     MUXCY:CI->O           1   0.044   0.000  Mcount_cnt_reg_cy<4> (Mcount_cnt_reg_cy<4>)
     MUXCY:CI->O           1   0.044   0.000  Mcount_cnt_reg_cy<5> (Mcount_cnt_reg_cy<5>)
     MUXCY:CI->O           1   0.044   0.000  Mcount_cnt_reg_cy<6> (Mcount_cnt_reg_cy<6>)
     MUXCY:CI->O           1   0.044   0.000  Mcount_cnt_reg_cy<7> (Mcount_cnt_reg_cy<7>)
     MUXCY:CI->O           1   0.044   0.000  Mcount_cnt_reg_cy<8> (Mcount_cnt_reg_cy<8>)
     MUXCY:CI->O           1   0.044   0.000  Mcount_cnt_reg_cy<9> (Mcount_cnt_reg_cy<9>)
     MUXCY:CI->O           1   0.044   0.000  Mcount_cnt_reg_cy<10> (Mcount_cnt_reg_cy<10>)
     MUXCY:CI->O           1   0.044   0.000  Mcount_cnt_reg_cy<11> (Mcount_cnt_reg_cy<11>)
     MUXCY:CI->O           1   0.044   0.000  Mcount_cnt_reg_cy<12> (Mcount_cnt_reg_cy<12>)
     MUXCY:CI->O           1   0.044   0.000  Mcount_cnt_reg_cy<13> (Mcount_cnt_reg_cy<13>)
     MUXCY:CI->O           1   0.044   0.000  Mcount_cnt_reg_cy<14> (Mcount_cnt_reg_cy<14>)
     MUXCY:CI->O           1   0.044   0.000  Mcount_cnt_reg_cy<15> (Mcount_cnt_reg_cy<15>)
     MUXCY:CI->O           1   0.044   0.000  Mcount_cnt_reg_cy<16> (Mcount_cnt_reg_cy<16>)
     MUXCY:CI->O           1   0.045   0.000  Mcount_cnt_reg_cy<17> (Mcount_cnt_reg_cy<17>)
     MUXCY:CI->O           1   0.044   0.000  Mcount_cnt_reg_cy<18> (Mcount_cnt_reg_cy<18>)
     MUXCY:CI->O           1   0.044   0.000  Mcount_cnt_reg_cy<19> (Mcount_cnt_reg_cy<19>)
     MUXCY:CI->O           1   0.044   0.000  Mcount_cnt_reg_cy<20> (Mcount_cnt_reg_cy<20>)
     MUXCY:CI->O           1   0.044   0.000  Mcount_cnt_reg_cy<21> (Mcount_cnt_reg_cy<21>)
     MUXCY:CI->O           1   0.044   0.000  Mcount_cnt_reg_cy<22> (Mcount_cnt_reg_cy<22>)
     MUXCY:CI->O           1   0.044   0.000  Mcount_cnt_reg_cy<23> (Mcount_cnt_reg_cy<23>)
     MUXCY:CI->O           1   0.044   0.000  Mcount_cnt_reg_cy<24> (Mcount_cnt_reg_cy<24>)
     MUXCY:CI->O           1   0.044   0.000  Mcount_cnt_reg_cy<25> (Mcount_cnt_reg_cy<25>)
     MUXCY:CI->O           1   0.044   0.000  Mcount_cnt_reg_cy<26> (Mcount_cnt_reg_cy<26>)
     MUXCY:CI->O           1   0.044   0.000  Mcount_cnt_reg_cy<27> (Mcount_cnt_reg_cy<27>)
     MUXCY:CI->O           1   0.044   0.000  Mcount_cnt_reg_cy<28> (Mcount_cnt_reg_cy<28>)
     MUXCY:CI->O           1   0.044   0.000  Mcount_cnt_reg_cy<29> (Mcount_cnt_reg_cy<29>)
     MUXCY:CI->O           0   0.044   0.000  Mcount_cnt_reg_cy<30> (Mcount_cnt_reg_cy<30>)
     XORCY:CI->O           1   0.360   0.000  Mcount_cnt_reg_xor<31> (Result<31>)
     FDRE:D                    0.022          cnt_reg_31
    ----------------------------------------
    Total                      3.161ns (2.801ns logic, 0.360ns route)
                                       (88.6% logic, 11.4% route)

=========================================================================
Timing constraint: Default OFFSET IN BEFORE for Clock 'clk'
  Total number of paths / destination ports: 64 / 64
-------------------------------------------------------------------------
Offset:              3.673ns (Levels of Logic = 2)
  Source:            nreset (PAD)
  Destination:       cnt_reg_0 (FF)
  Destination Clock: clk rising

  Data Path: nreset to cnt_reg_0
                                Gate     Net
    Cell:in->out      fanout   Delay   Delay  Logical Name (Net Name)
    ----------------------------------------  ------------
     IBUF:I->O             1   0.965   0.360  nreset_IBUF (nreset_IBUF)
     INV:I->O             32   0.358   0.928  reset1_INV_0 (reset)
     FDRE:R                    1.062          cnt_reg_0
    ----------------------------------------
    Total                      3.673ns (2.385ns logic, 1.288ns route)
                                       (64.9% logic, 35.1% route)

=========================================================================
Timing constraint: Default OFFSET OUT AFTER for Clock 'clk'
  Total number of paths / destination ports: 7 / 7
-------------------------------------------------------------------------
Offset:              4.694ns (Levels of Logic = 1)
  Source:            cnt_reg_31 (FF)
  Destination:       cnt<6> (PAD)
  Source Clock:      clk rising

  Data Path: cnt_reg_31 to cnt<6>
                                Gate     Net
    Cell:in->out      fanout   Delay   Delay  Logical Name (Net Name)
    ----------------------------------------  ------------
     FDRE:C->Q             2   0.360   0.377  cnt_reg_31 (cnt_reg_31)
     OBUF:I->O                 3.957          cnt_6_OBUF (cnt<6>)
    ----------------------------------------
    Total                      4.694ns (4.317ns logic, 0.377ns route)
                                       (92.0% logic, 8.0% route)

=========================================================================


Total REAL time to Xst completion: 11.00 secs
Total CPU time to Xst completion: 10.57 secs
 
--> 

Total memory usage is 4529364 kilobytes

Number of errors   :    0 (   0 filtered)
Number of warnings :    0 (   0 filtered)
Number of infos    :    0 (   0 filtered)

