--------------------------------------------------------------------------------
Release 14.7 Trace  (nt64)
Copyright (c) 1995-2013 Xilinx, Inc.  All rights reserved.

D:\Xilinx\Xilinx\14.7\ISE_DS\ISE\bin\nt64\unwrapped\trce.exe -intstyle ise -v 3
-s 10 -n 3 -fastpaths -xml counterN_preroute.twx counterN_map.ncd -o
counterN_preroute.twr counterN.pcf -ucf counterN.ucf

Design file:              counterN_map.ncd
Physical constraint file: counterN.pcf
Device,package,speed:     xc4vsx35,ff668,-10 (PRODUCTION 1.71 2013-10-13, STEPPING level 1)
Report level:             verbose report

Environment Variable      Effect 
--------------------      ------ 
NONE                      No environment variables were set
--------------------------------------------------------------------------------

INFO:Timing:2698 - No timing constraints found, doing default enumeration.
INFO:Timing:3412 - To improve timing, see the Timing Closure User Guide (UG612).
INFO:Timing:2752 - To get complete path coverage, use the unconstrained paths 
   option. All paths that are not constrained will be reported in the 
   unconstrained paths section(s) of the report.
INFO:Timing:3284 - This timing report was generated using estimated delay 
   information.  For accurate numbers, please refer to the post Place and Route 
   timing report.
INFO:Timing:3339 - The clock-to-out numbers in this timing report are based on 
   a 50 Ohm transmission line loading model.  For the details of this model, 
   and for more information on accounting for different loading conditions, 
   please see the device datasheet.



Data Sheet report:
-----------------
All values displayed in nanoseconds (ns)

Setup/Hold to clock clk
------------+------------+------------+------------------+--------+
            |Max Setup to|Max Hold to |                  | Clock  |
Source      | clk (edge) | clk (edge) |Internal Clock(s) | Phase  |
------------+------------+------------+------------------+--------+
enable      |   -0.125(R)|    1.048(R)|clk_BUFGP         |   0.000|
nreset      |    0.293(R)|    0.729(R)|clk_BUFGP         |   0.000|
------------+------------+------------+------------------+--------+

Clock clk to Pad
------------+------------+------------------+--------+
            | clk (edge) |                  | Clock  |
Destination |   to PAD   |Internal Clock(s) | Phase  |
------------+------------+------------------+--------+
cnt<0>      |    5.617(R)|clk_BUFGP         |   0.000|
cnt<1>      |    5.617(R)|clk_BUFGP         |   0.000|
cnt<2>      |    5.617(R)|clk_BUFGP         |   0.000|
cnt<3>      |    5.617(R)|clk_BUFGP         |   0.000|
cnt<4>      |    5.617(R)|clk_BUFGP         |   0.000|
cnt<5>      |    5.617(R)|clk_BUFGP         |   0.000|
cnt<6>      |    5.617(R)|clk_BUFGP         |   0.000|
------------+------------+------------------+--------+

Clock to Setup on destination clock clk
---------------+---------+---------+---------+---------+
               | Src:Rise| Src:Fall| Src:Rise| Src:Fall|
Source Clock   |Dest:Rise|Dest:Rise|Dest:Fall|Dest:Fall|
---------------+---------+---------+---------+---------+
clk            |    2.596|         |         |         |
---------------+---------+---------+---------+---------+


Analysis completed Fri Apr 23 09:28:30 2021 
--------------------------------------------------------------------------------

Trace Settings:
-------------------------
Trace Settings 

Peak Memory Usage: 4652 MB



